# JRE version: Java(TM) SE Runtime Environment (8.0_121-b13) (build 1.8.0_121-b13)
# Java VM: Java HotSpot(TM) 64-Bit Server VM (25.121-b13 mixed mode windows-amd64 compressed oops)
Heap:
 PSYoungGen      total 115200K, used 82104K [0x00000000eab00000, 0x00000000f2600000, 0x0000000100000000)
  eden space 107520K, 75% used [0x00000000eab00000,0x00000000efa71270,0x00000000f1400000)
  from space 7680K, 9% used [0x00000000f1e80000,0x00000000f1f3d010,0x00000000f2600000)
  to   space 9216K, 0% used [0x00000000f1400000,0x00000000f1400000,0x00000000f1d00000)
 ParOldGen       total 64000K, used 8241K [0x00000000c0000000, 0x00000000c3e80000, 0x00000000eab00000)
  object space 64000K, 12% used [0x00000000c0000000,0x00000000c080c610,0x00000000c3e80000)
 Metaspace       used 27982K, capacity 28578K, committed 28848K, reserved 1075200K
  class space    used 3653K, capacity 3894K, committed 4016K, reserved 1048576K
GC Heap History (10 events):
Event: 2.365 GC heap before
{Heap before GC invocations=9 (full 1):
 PSYoungGen      total 55808K, used 46592K [0x00000000eab00000, 0x00000000f0280000, 0x0000000100000000)
  eden space 45568K, 100% used [0x00000000eab00000,0x00000000ed780000,0x00000000ed780000)
  from space 10240K, 10% used [0x00000000ed780000,0x00000000ed880000,0x00000000ee180000)
  to   space 10240K, 0% used [0x00000000ef880000,0x00000000ef880000,0x00000000f0280000)
 ParOldGen       total 64000K, used 8225K [0x00000000c0000000, 0x00000000c3e80000, 0x00000000eab00000)
  object space 64000K, 12% used [0x00000000c0000000,0x00000000c0808610,0x00000000c3e80000)
 Metaspace       used 22625K, capacity 22844K, committed 22960K, reserved 1069056K
  class space    used 2878K, capacity 2989K, committed 2992K, reserved 1048576K
Event: 2.366 GC heap after
Heap after GC invocations=9 (full 1):
 PSYoungGen      total 77312K, used 1344K [0x00000000eab00000, 0x00000000f0180000, 0x0000000100000000)
  eden space 68096K, 0% used [0x00000000eab00000,0x00000000eab00000,0x00000000eed80000)
  from space 9216K, 14% used [0x00000000ef880000,0x00000000ef9d0000,0x00000000f0180000)
  to   space 10240K, 0% used [0x00000000eed80000,0x00000000eed80000,0x00000000ef780000)
 ParOldGen       total 64000K, used 8225K [0x00000000c0000000, 0x00000000c3e80000, 0x00000000eab00000)
  object space 64000K, 12% used [0x00000000c0000000,0x00000000c0808610,0x00000000c3e80000)
 Metaspace       used 22625K, capacity 22844K, committed 22960K, reserved 1069056K
  class space    used 2878K, capacity 2989K, committed 2992K, reserved 1048576K
}
Event: 2.484 GC heap before
{Heap before GC invocations=10 (full 1):
 PSYoungGen      total 77312K, used 69440K [0x00000000eab00000, 0x00000000f0180000, 0x0000000100000000)
  eden space 68096K, 100% used [0x00000000eab00000,0x00000000eed80000,0x00000000eed80000)
  from space 9216K, 14% used [0x00000000ef880000,0x00000000ef9d0000,0x00000000f0180000)
  to   space 10240K, 0% used [0x00000000eed80000,0x00000000eed80000,0x00000000ef780000)
 ParOldGen       total 64000K, used 8225K [0x00000000c0000000, 0x00000000c3e80000, 0x00000000eab00000)
  object space 64000K, 12% used [0x00000000c0000000,0x00000000c0808610,0x00000000c3e80000)
 Metaspace       used 22629K, capacity 22844K, committed 22960K, reserved 1069056K
  class space    used 2878K, capacity 2989K, committed 2992K, reserved 1048576K
Event: 2.486 GC heap after
Heap after GC invocations=10 (full 1):
 PSYoungGen      total 78336K, used 1792K [0x00000000eab00000, 0x00000000f1480000, 0x0000000100000000)
  eden space 68096K, 0% used [0x00000000eab00000,0x00000000eab00000,0x00000000eed80000)
  from space 10240K, 17% used [0x00000000eed80000,0x00000000eef40000,0x00000000ef780000)
  to   space 10240K, 0% used [0x00000000f0a80000,0x00000000f0a80000,0x00000000f1480000)
 ParOldGen       total 64000K, used 8225K [0x00000000c0000000, 0x00000000c3e80000, 0x00000000eab00000)
  object space 64000K, 12% used [0x00000000c0000000,0x00000000c0808610,0x00000000c3e80000)
 Metaspace       used 22629K, capacity 22844K, committed 22960K, reserved 1069056K
  class space    used 2878K, capacity 2989K, committed 2992K, reserved 1048576K
}
Event: 2.657 GC heap before
{Heap before GC invocations=11 (full 1):
 PSYoungGen      total 78336K, used 69888K [0x00000000eab00000, 0x00000000f1480000, 0x0000000100000000)
  eden space 68096K, 100% used [0x00000000eab00000,0x00000000eed80000,0x00000000eed80000)
  from space 10240K, 17% used [0x00000000eed80000,0x00000000eef40000,0x00000000ef780000)
  to   space 10240K, 0% used [0x00000000f0a80000,0x00000000f0a80000,0x00000000f1480000)
 ParOldGen       total 64000K, used 8225K [0x00000000c0000000, 0x00000000c3e80000, 0x00000000eab00000)
  object space 64000K, 12% used [0x00000000c0000000,0x00000000c0808610,0x00000000c3e80000)
 Metaspace       used 23049K, capacity 23228K, committed 23600K, reserved 1069056K
  class space    used 2958K, capacity 3053K, committed 3120K, reserved 1048576K
Event: 2.660 GC heap after
Heap after GC invocations=11 (full 1):
 PSYoungGen      total 95744K, used 1258K [0x00000000eab00000, 0x00000000f1300000, 0x0000000100000000)
  eden space 87040K, 0% used [0x00000000eab00000,0x00000000eab00000,0x00000000f0000000)
  from space 8704K, 14% used [0x00000000f0a80000,0x00000000f0bba808,0x00000000f1300000)
  to   space 9728K, 0% used [0x00000000f0000000,0x00000000f0000000,0x00000000f0980000)
 ParOldGen       total 64000K, used 8233K [0x00000000c0000000, 0x00000000c3e80000, 0x00000000eab00000)
  object space 64000K, 12% used [0x00000000c0000000,0x00000000c080a610,0x00000000c3e80000)
 Metaspace       used 23049K, capacity 23228K, committed 23600K, reserved 1069056K
  class space    used 2958K, capacity 3053K, committed 3120K, reserved 1048576K
}
Event: 3.103 GC heap before
{Heap before GC invocations=12 (full 1):
 PSYoungGen      total 95744K, used 88298K [0x00000000eab00000, 0x00000000f1300000, 0x0000000100000000)
  eden space 87040K, 100% used [0x00000000eab00000,0x00000000f0000000,0x00000000f0000000)
  from space 8704K, 14% used [0x00000000f0a80000,0x00000000f0bba808,0x00000000f1300000)
  to   space 9728K, 0% used [0x00000000f0000000,0x00000000f0000000,0x00000000f0980000)
 ParOldGen       total 64000K, used 8233K [0x00000000c0000000, 0x00000000c3e80000, 0x00000000eab00000)
  object space 64000K, 12% used [0x00000000c0000000,0x00000000c080a610,0x00000000c3e80000)
 Metaspace       used 23919K, capacity 24142K, committed 24496K, reserved 1071104K
  class space    used 3092K, capacity 3184K, committed 3248K, reserved 1048576K
Event: 3.105 GC heap after
Heap after GC invocations=12 (full 1):
 PSYoungGen      total 96768K, used 1598K [0x00000000eab00000, 0x00000000f2800000, 0x0000000100000000)
  eden space 87040K, 0% used [0x00000000eab00000,0x00000000eab00000,0x00000000f0000000)
  from space 9728K, 16% used [0x00000000f0000000,0x00000000f018f990,0x00000000f0980000)
  to   space 9728K, 0% used [0x00000000f1e80000,0x00000000f1e80000,0x00000000f2800000)
 ParOldGen       total 64000K, used 8241K [0x00000000c0000000, 0x00000000c3e80000, 0x00000000eab00000)
  object space 64000K, 12% used [0x00000000c0000000,0x00000000c080c610,0x00000000c3e80000)
 Metaspace       used 23919K, capacity 24142K, committed 24496K, reserved 1071104K
  class space    used 3092K, capacity 3184K, committed 3248K, reserved 1048576K
}
Event: 3.382 GC heap before
{Heap before GC invocations=13 (full 1):
 PSYoungGen      total 96768K, used 88638K [0x00000000eab00000, 0x00000000f2800000, 0x0000000100000000)
  eden space 87040K, 100% used [0x00000000eab00000,0x00000000f0000000,0x00000000f0000000)
  from space 9728K, 16% used [0x00000000f0000000,0x00000000f018f990,0x00000000f0980000)
  to   space 9728K, 0% used [0x00000000f1e80000,0x00000000f1e80000,0x00000000f2800000)
 ParOldGen       total 64000K, used 8241K [0x00000000c0000000, 0x00000000c3e80000, 0x00000000eab00000)
  object space 64000K, 12% used [0x00000000c0000000,0x00000000c080c610,0x00000000c3e80000)
 Metaspace       used 23919K, capacity 24142K, committed 24496K, reserved 1071104K
  class space    used 3092K, capacity 3184K, committed 3248K, reserved 1048576K
Event: 3.384 GC heap after
Heap after GC invocations=13 (full 1):
 PSYoungGen      total 115200K, used 756K [0x00000000eab00000, 0x00000000f2600000, 0x0000000100000000)
  eden space 107520K, 0% used [0x00000000eab00000,0x00000000eab00000,0x00000000f1400000)
  from space 7680K, 9% used [0x00000000f1e80000,0x00000000f1f3d010,0x00000000f2600000)
  to   space 9216K, 0% used [0x00000000f1400000,0x00000000f1400000,0x00000000f1d00000)
 ParOldGen       total 64000K, used 8241K [0x00000000c0000000, 0x00000000c3e80000, 0x00000000eab00000)
  object space 64000K, 12% used [0x00000000c0000000,0x00000000c080c610,0x00000000c3e80000)
 Metaspace       used 23919K, capacity 24142K, committed 24496K, reserved 1071104K
  class space    used 3092K, capacity 3184K, committed 3248K, reserved 1048576K
}

