# JRE version: Java(TM) SE Runtime Environment (8.0_121-b13) (build 1.8.0_121-b13)
# Java VM: Java HotSpot(TM) 64-Bit Server VM (25.121-b13 mixed mode windows-amd64 compressed oops)
Heap:
 PSYoungGen      total 70656K, used 64448K [0x00000000eab00000, 0x00000000f2000000, 0x0000000100000000)
  eden space 65536K, 94% used [0x00000000eab00000,0x00000000ee7977e0,0x00000000eeb00000)
  from space 5120K, 46% used [0x00000000eeb00000,0x00000000eed588f0,0x00000000ef000000)
  to   space 9728K, 0% used [0x00000000f1680000,0x00000000f1680000,0x00000000f2000000)
 ParOldGen       total 59392K, used 8241K [0x00000000c0000000, 0x00000000c3a00000, 0x00000000eab00000)
  object space 59392K, 13% used [0x00000000c0000000,0x00000000c080c540,0x00000000c3a00000)
 Metaspace       used 22614K, capacity 22844K, committed 22960K, reserved 1069056K
  class space    used 2878K, capacity 2989K, committed 2992K, reserved 1048576K
GC Heap History (10 events):
Event: 2.321 GC heap before
{Heap before GC invocations=2 (full 0):
 PSYoungGen      total 37888K, used 37873K [0x00000000eab00000, 0x00000000ed500000, 0x0000000100000000)
  eden space 32768K, 100% used [0x00000000eab00000,0x00000000ecb00000,0x00000000ecb00000)
  from space 5120K, 99% used [0x00000000ecb00000,0x00000000ecffc458,0x00000000ed000000)
  to   space 5120K, 0% used [0x00000000ed000000,0x00000000ed000000,0x00000000ed500000)
 ParOldGen       total 86016K, used 276K [0x00000000c0000000, 0x00000000c5400000, 0x00000000eab00000)
  object space 86016K, 0% used [0x00000000c0000000,0x00000000c00453c0,0x00000000c5400000)
 Metaspace       used 13507K, capacity 13690K, committed 13824K, reserved 1060864K
  class space    used 1680K, capacity 1725K, committed 1792K, reserved 1048576K
Event: 2.343 GC heap after
Heap after GC invocations=2 (full 0):
 PSYoungGen      total 37888K, used 5096K [0x00000000eab00000, 0x00000000ef500000, 0x0000000100000000)
  eden space 32768K, 0% used [0x00000000eab00000,0x00000000eab00000,0x00000000ecb00000)
  from space 5120K, 99% used [0x00000000ed000000,0x00000000ed4fa208,0x00000000ed500000)
  to   space 5120K, 0% used [0x00000000ecb00000,0x00000000ecb00000,0x00000000ed000000)
 ParOldGen       total 86016K, used 624K [0x00000000c0000000, 0x00000000c5400000, 0x00000000eab00000)
  object space 86016K, 0% used [0x00000000c0000000,0x00000000c009c3e8,0x00000000c5400000)
 Metaspace       used 13507K, capacity 13690K, committed 13824K, reserved 1060864K
  class space    used 1680K, capacity 1725K, committed 1792K, reserved 1048576K
}
Event: 2.716 GC heap before
{Heap before GC invocations=3 (full 0):
 PSYoungGen      total 37888K, used 37864K [0x00000000eab00000, 0x00000000ef500000, 0x0000000100000000)
  eden space 32768K, 100% used [0x00000000eab00000,0x00000000ecb00000,0x00000000ecb00000)
  from space 5120K, 99% used [0x00000000ed000000,0x00000000ed4fa208,0x00000000ed500000)
  to   space 5120K, 0% used [0x00000000ecb00000,0x00000000ecb00000,0x00000000ed000000)
 ParOldGen       total 86016K, used 624K [0x00000000c0000000, 0x00000000c5400000, 0x00000000eab00000)
  object space 86016K, 0% used [0x00000000c0000000,0x00000000c009c3e8,0x00000000c5400000)
 Metaspace       used 17841K, capacity 18042K, committed 18432K, reserved 1064960K
  class space    used 2136K, capacity 2218K, committed 2304K, reserved 1048576K
Event: 2.721 GC heap after
Heap after GC invocations=3 (full 0):
 PSYoungGen      total 37888K, used 5106K [0x00000000eab00000, 0x00000000ef500000, 0x0000000100000000)
  eden space 32768K, 0% used [0x00000000eab00000,0x00000000eab00000,0x00000000ecb00000)
  from space 5120K, 99% used [0x00000000ecb00000,0x00000000ecffca20,0x00000000ed000000)
  to   space 5120K, 0% used [0x00000000ef000000,0x00000000ef000000,0x00000000ef500000)
 ParOldGen       total 86016K, used 2683K [0x00000000c0000000, 0x00000000c5400000, 0x00000000eab00000)
  object space 86016K, 3% used [0x00000000c0000000,0x00000000c029ee98,0x00000000c5400000)
 Metaspace       used 17841K, capacity 18042K, committed 18432K, reserved 1064960K
  class space    used 2136K, capacity 2218K, committed 2304K, reserved 1048576K
}
Event: 2.960 GC heap before
{Heap before GC invocations=4 (full 0):
 PSYoungGen      total 37888K, used 28771K [0x00000000eab00000, 0x00000000ef500000, 0x0000000100000000)
  eden space 32768K, 72% used [0x00000000eab00000,0x00000000ec21c458,0x00000000ecb00000)
  from space 5120K, 99% used [0x00000000ecb00000,0x00000000ecffca20,0x00000000ed000000)
  to   space 5120K, 0% used [0x00000000ef000000,0x00000000ef000000,0x00000000ef500000)
 ParOldGen       total 86016K, used 2683K [0x00000000c0000000, 0x00000000c5400000, 0x00000000eab00000)
  object space 86016K, 3% used [0x00000000c0000000,0x00000000c029ee98,0x00000000c5400000)
 Metaspace       used 20984K, capacity 21174K, committed 21296K, reserved 1069056K
  class space    used 2516K, capacity 2604K, committed 2608K, reserved 1048576K
Event: 2.967 GC heap after
Heap after GC invocations=4 (full 0):
 PSYoungGen      total 70656K, used 5112K [0x00000000eab00000, 0x00000000ef500000, 0x0000000100000000)
  eden space 65536K, 0% used [0x00000000eab00000,0x00000000eab00000,0x00000000eeb00000)
  from space 5120K, 99% used [0x00000000ef000000,0x00000000ef4fe170,0x00000000ef500000)
  to   space 5120K, 0% used [0x00000000eeb00000,0x00000000eeb00000,0x00000000ef000000)
 ParOldGen       total 86016K, used 5946K [0x00000000c0000000, 0x00000000c5400000, 0x00000000eab00000)
  object space 86016K, 6% used [0x00000000c0000000,0x00000000c05ce860,0x00000000c5400000)
 Metaspace       used 20984K, capacity 21174K, committed 21296K, reserved 1069056K
  class space    used 2516K, capacity 2604K, committed 2608K, reserved 1048576K
}
Event: 2.967 GC heap before
{Heap before GC invocations=5 (full 1):
 PSYoungGen      total 70656K, used 5112K [0x00000000eab00000, 0x00000000ef500000, 0x0000000100000000)
  eden space 65536K, 0% used [0x00000000eab00000,0x00000000eab00000,0x00000000eeb00000)
  from space 5120K, 99% used [0x00000000ef000000,0x00000000ef4fe170,0x00000000ef500000)
  to   space 5120K, 0% used [0x00000000eeb00000,0x00000000eeb00000,0x00000000ef000000)
 ParOldGen       total 86016K, used 5946K [0x00000000c0000000, 0x00000000c5400000, 0x00000000eab00000)
  object space 86016K, 6% used [0x00000000c0000000,0x00000000c05ce860,0x00000000c5400000)
 Metaspace       used 20984K, capacity 21174K, committed 21296K, reserved 1069056K
  class space    used 2516K, capacity 2604K, committed 2608K, reserved 1048576K
Event: 3.005 GC heap after
Heap after GC invocations=5 (full 1):
 PSYoungGen      total 70656K, used 0K [0x00000000eab00000, 0x00000000ef500000, 0x0000000100000000)
  eden space 65536K, 0% used [0x00000000eab00000,0x00000000eab00000,0x00000000eeb00000)
  from space 5120K, 0% used [0x00000000ef000000,0x00000000ef000000,0x00000000ef500000)
  to   space 5120K, 0% used [0x00000000eeb00000,0x00000000eeb00000,0x00000000ef000000)
 ParOldGen       total 59392K, used 8233K [0x00000000c0000000, 0x00000000c3a00000, 0x00000000eab00000)
  object space 59392K, 13% used [0x00000000c0000000,0x00000000c080a540,0x00000000c3a00000)
 Metaspace       used 20984K, capacity 21174K, committed 21296K, reserved 1069056K
  class space    used 2516K, capacity 2604K, committed 2608K, reserved 1048576K
}
Event: 3.282 GC heap before
{Heap before GC invocations=6 (full 1):
 PSYoungGen      total 70656K, used 65536K [0x00000000eab00000, 0x00000000ef500000, 0x0000000100000000)
  eden space 65536K, 100% used [0x00000000eab00000,0x00000000eeb00000,0x00000000eeb00000)
  from space 5120K, 0% used [0x00000000ef000000,0x00000000ef000000,0x00000000ef500000)
  to   space 5120K, 0% used [0x00000000eeb00000,0x00000000eeb00000,0x00000000ef000000)
 ParOldGen       total 59392K, used 8233K [0x00000000c0000000, 0x00000000c3a00000, 0x00000000eab00000)
  object space 59392K, 13% used [0x00000000c0000000,0x00000000c080a540,0x00000000c3a00000)
 Metaspace       used 22606K, capacity 22844K, committed 22960K, reserved 1069056K
  class space    used 2878K, capacity 2989K, committed 2992K, reserved 1048576K
Event: 3.284 GC heap after
Heap after GC invocations=6 (full 1):
 PSYoungGen      total 70656K, used 2402K [0x00000000eab00000, 0x00000000f2000000, 0x0000000100000000)
  eden space 65536K, 0% used [0x00000000eab00000,0x00000000eab00000,0x00000000eeb00000)
  from space 5120K, 46% used [0x00000000eeb00000,0x00000000eed588f0,0x00000000ef000000)
  to   space 9728K, 0% used [0x00000000f1680000,0x00000000f1680000,0x00000000f2000000)
 ParOldGen       total 59392K, used 8241K [0x00000000c0000000, 0x00000000c3a00000, 0x00000000eab00000)
  object space 59392K, 13% used [0x00000000c0000000,0x00000000c080c540,0x00000000c3a00000)
 Metaspace       used 22606K, capacity 22844K, committed 22960K, reserved 1069056K
  class space    used 2878K, capacity 2989K, committed 2992K, reserved 1048576K
}

