<?xml version="1.0" encoding="UTF-8"?><testsuite errors="0" failures="0" name="com.bestbuy.bestbuyinfo.ProductsCRUDTestWithSteps" skipped="0" tests="4" time="5.07" timestamp="2023-06-04T16:03:19.094+01:00[Europe/London]"><testcase classname="com.bestbuy.bestbuyinfo.ProductsCRUDTestWithSteps" name="This will create a new product"/><testcase classname="com.bestbuy.bestbuyinfo.ProductsCRUDTestWithSteps" name="Verify if the product was added to the application "/><testcase classname="com.bestbuy.bestbuyinfo.ProductsCRUDTestWithSteps" name="Update the product information and verify the updated information"/><testcase classname="com.bestbuy.bestbuyinfo.ProductsCRUDTestWithSteps" name="Deleting product information and verify if the product is deleted"/></testsuite>