<?xml version="1.0" encoding="UTF-8"?><testsuite errors="0" failures="0" name="com.bestbuy.bestbuyinfo.StoreTagsTest" skipped="0" tests="2" time="3.54" timestamp="2023-06-04T13:01:28.668+01:00[Europe/London]"><testcase classname="com.bestbuy.bestbuyinfo.StoreTagsTest" name="Provide a 405 status code when incorrect HTTP method is used to access resource"/><testcase classname="com.bestbuy.bestbuyinfo.StoreTagsTest" name="This test will provide an error code of 404 when user tries to access an invalid resource"/></testsuite>